<?xml version="1.0" encoding="UTF-8"?>
<testng-results ignored="0" total="1" passed="1" failed="0" skipped="0">
  <reporter-output>
    <line>
      <![CDATA[element  is present:]]>
    </line>
    <line>
      <![CDATA[title is matching:]]>
    </line>
    <line>
      <![CDATA[title is matching:]]>
    </line>
    <line>
      <![CDATA[Broken image detected: http://the-internet.herokuapp.com/asdf.jpg]]>
    </line>
    <line>
      <![CDATA[Broken image detected: http://the-internet.herokuapp.com/hjkl.jpg]]>
    </line>
    <line>
      <![CDATA[title is matching:]]>
    </line>
    <line>
      <![CDATA[element  is present:]]>
    </line>
    <line>
      <![CDATA[element  is present:]]>
    </line>
    <line>
      <![CDATA[element  is present:]]>
    </line>
    <line>
      <![CDATA[title is matching:]]>
    </line>
    <line>
      <![CDATA[element  is present:]]>
    </line>
    <line>
      <![CDATA[title is matching:]]>
    </line>
    <line>
      <![CDATA[element  is present:]]>
    </line>
    <line>
      <![CDATA[element  is present:]]>
    </line>
    <line>
      <![CDATA[element  is present:]]>
    </line>
    <line>
      <![CDATA[element  is present:]]>
    </line>
    <line>
      <![CDATA[title is matching:]]>
    </line>
    <line>
      <![CDATA[element  is present:]]>
    </line>
  </reporter-output>
  <suite started-at="2023-06-03T18:18:46 IST" name="Default suite" finished-at="2023-06-03T18:19:30 IST" duration-ms="44059">
    <groups>
    </groups>
    <test started-at="2023-06-03T18:18:46 IST" name="Default test" finished-at="2023-06-03T18:19:30 IST" duration-ms="44059">
      <class name="Assignment_Test.Assignment_MainTest">
        <test-method is-config="true" signature="precondition()[pri:0, instance:Assignment_Test.Assignment_MainTest@12468a38]" started-at="2023-06-03T18:18:40 IST" name="precondition" finished-at="2023-06-03T18:18:46 IST" duration-ms="5842" status="PASS">
          <reporter-output>
          </reporter-output>
        </test-method> <!-- precondition -->
        <test-method is-config="true" signature="beforetest()[pri:0, instance:Assignment_Test.Assignment_MainTest@12468a38]" started-at="2023-06-03T18:18:46 IST" name="beforetest" finished-at="2023-06-03T18:18:57 IST" duration-ms="11189" status="PASS">
          <reporter-output>
            <line>
              <![CDATA[element  is present:]]>
            </line>
            <line>
              <![CDATA[title is matching:]]>
            </line>
            <line>
              <![CDATA[title is matching:]]>
            </line>
            <line>
              <![CDATA[Broken image detected: http://the-internet.herokuapp.com/asdf.jpg]]>
            </line>
            <line>
              <![CDATA[Broken image detected: http://the-internet.herokuapp.com/hjkl.jpg]]>
            </line>
          </reporter-output>
        </test-method> <!-- beforetest -->
        <test-method signature="test()[pri:0, instance:Assignment_Test.Assignment_MainTest@12468a38]" started-at="2023-06-03T18:18:57 IST" name="test" finished-at="2023-06-03T18:19:04 IST" duration-ms="7550" status="PASS">
          <reporter-output>
            <line>
              <![CDATA[title is matching:]]>
            </line>
            <line>
              <![CDATA[element  is present:]]>
            </line>
            <line>
              <![CDATA[element  is present:]]>
            </line>
          </reporter-output>
        </test-method> <!-- test -->
        <test-method is-config="true" signature="aftermethod()[pri:0, instance:Assignment_Test.Assignment_MainTest@12468a38]" started-at="2023-06-03T18:19:04 IST" name="aftermethod" finished-at="2023-06-03T18:19:30 IST" duration-ms="25296" status="PASS">
          <reporter-output>
            <line>
              <![CDATA[element  is present:]]>
            </line>
            <line>
              <![CDATA[title is matching:]]>
            </line>
            <line>
              <![CDATA[element  is present:]]>
            </line>
            <line>
              <![CDATA[title is matching:]]>
            </line>
            <line>
              <![CDATA[element  is present:]]>
            </line>
            <line>
              <![CDATA[element  is present:]]>
            </line>
            <line>
              <![CDATA[element  is present:]]>
            </line>
            <line>
              <![CDATA[element  is present:]]>
            </line>
            <line>
              <![CDATA[title is matching:]]>
            </line>
            <line>
              <![CDATA[element  is present:]]>
            </line>
          </reporter-output>
        </test-method> <!-- aftermethod -->
        <test-method is-config="true" signature="postcondition()[pri:0, instance:Assignment_Test.Assignment_MainTest@12468a38]" started-at="2023-06-03T18:19:30 IST" name="postcondition" finished-at="2023-06-03T18:19:30 IST" duration-ms="113" status="PASS">
          <reporter-output>
          </reporter-output>
        </test-method> <!-- postcondition -->
      </class> <!-- Assignment_Test.Assignment_MainTest -->
    </test> <!-- Default test -->
  </suite> <!-- Default suite -->
</testng-results>
