<?xml version="1.0" encoding="UTF-8"?>
<testng-results ignored="0" total="1" passed="1" failed="0" skipped="0">
  <reporter-output>
    <line>
      <![CDATA[element  is present:]]>
    </line>
    <line>
      <![CDATA[title is matching:]]>
    </line>
    <line>
      <![CDATA[title is matching:]]>
    </line>
    <line>
      <![CDATA[Broken image detected: http://the-internet.herokuapp.com/asdf.jpg]]>
    </line>
    <line>
      <![CDATA[Broken image detected: http://the-internet.herokuapp.com/hjkl.jpg]]>
    </line>
    <line>
      <![CDATA[title is matching:]]>
    </line>
    <line>
      <![CDATA[element  is present:]]>
    </line>
    <line>
      <![CDATA[element  is present:]]>
    </line>
    <line>
      <![CDATA[element  is present:]]>
    </line>
    <line>
      <![CDATA[title is matching:]]>
    </line>
    <line>
      <![CDATA[element  is present:]]>
    </line>
    <line>
      <![CDATA[title is matching:]]>
    </line>
    <line>
      <![CDATA[element  is present:]]>
    </line>
    <line>
      <![CDATA[element  is present:]]>
    </line>
    <line>
      <![CDATA[element  is present:]]>
    </line>
    <line>
      <![CDATA[element  is present:]]>
    </line>
    <line>
      <![CDATA[title is matching:]]>
    </line>
    <line>
      <![CDATA[element  is present:]]>
    </line>
  </reporter-output>
  <suite started-at="2023-06-03T18:48:51 IST" name="Suite" finished-at="2023-06-03T18:49:33 IST" duration-ms="42008">
    <groups>
    </groups>
    <test started-at="2023-06-03T18:48:51 IST" name="Test" finished-at="2023-06-03T18:49:33 IST" duration-ms="42008">
      <class name="Assignment_Test.Assignment_MainTest">
        <test-method is-config="true" signature="precondition()[pri:0, instance:Assignment_Test.Assignment_MainTest@12468a38]" started-at="2023-06-03T18:48:45 IST" name="precondition" finished-at="2023-06-03T18:48:51 IST" duration-ms="6274" status="PASS">
          <reporter-output>
          </reporter-output>
        </test-method> <!-- precondition -->
        <test-method is-config="true" signature="beforetest()[pri:0, instance:Assignment_Test.Assignment_MainTest@12468a38]" started-at="2023-06-03T18:48:51 IST" name="beforetest" finished-at="2023-06-03T18:49:02 IST" duration-ms="10313" status="PASS">
          <reporter-output>
            <line>
              <![CDATA[element  is present:]]>
            </line>
            <line>
              <![CDATA[title is matching:]]>
            </line>
            <line>
              <![CDATA[title is matching:]]>
            </line>
            <line>
              <![CDATA[Broken image detected: http://the-internet.herokuapp.com/asdf.jpg]]>
            </line>
            <line>
              <![CDATA[Broken image detected: http://the-internet.herokuapp.com/hjkl.jpg]]>
            </line>
          </reporter-output>
        </test-method> <!-- beforetest -->
        <test-method signature="test()[pri:0, instance:Assignment_Test.Assignment_MainTest@12468a38]" started-at="2023-06-03T18:49:02 IST" name="test" finished-at="2023-06-03T18:49:09 IST" duration-ms="7343" status="PASS">
          <reporter-output>
            <line>
              <![CDATA[title is matching:]]>
            </line>
            <line>
              <![CDATA[element  is present:]]>
            </line>
            <line>
              <![CDATA[element  is present:]]>
            </line>
          </reporter-output>
        </test-method> <!-- test -->
        <test-method is-config="true" signature="aftermethod()[pri:0, instance:Assignment_Test.Assignment_MainTest@12468a38]" started-at="2023-06-03T18:49:09 IST" name="aftermethod" finished-at="2023-06-03T18:49:33 IST" duration-ms="24330" status="PASS">
          <reporter-output>
            <line>
              <![CDATA[element  is present:]]>
            </line>
            <line>
              <![CDATA[title is matching:]]>
            </line>
            <line>
              <![CDATA[element  is present:]]>
            </line>
            <line>
              <![CDATA[title is matching:]]>
            </line>
            <line>
              <![CDATA[element  is present:]]>
            </line>
            <line>
              <![CDATA[element  is present:]]>
            </line>
            <line>
              <![CDATA[element  is present:]]>
            </line>
            <line>
              <![CDATA[element  is present:]]>
            </line>
            <line>
              <![CDATA[title is matching:]]>
            </line>
            <line>
              <![CDATA[element  is present:]]>
            </line>
          </reporter-output>
        </test-method> <!-- aftermethod -->
        <test-method is-config="true" signature="postcondition()[pri:0, instance:Assignment_Test.Assignment_MainTest@12468a38]" started-at="2023-06-03T18:49:33 IST" name="postcondition" finished-at="2023-06-03T18:49:33 IST" duration-ms="68" status="PASS">
          <reporter-output>
          </reporter-output>
        </test-method> <!-- postcondition -->
      </class> <!-- Assignment_Test.Assignment_MainTest -->
    </test> <!-- Test -->
  </suite> <!-- Suite -->
</testng-results>
